17:45:20 **** Incremental Build of configuration Debug for project filesystem ****
make all 
Building file: ../consola.c
Invoking: GCC C Compiler
gcc -I"/home/utnso/TPOperativos/commons-library" -O0 -g3 -Wall -c -fmessage-length=0 -MMD -MP -MF"consola.d" -MT"consola.d" -o "consola.o" "../consola.c"
../consola.c: In function ‘levantaConsola’:
../consola.c:25:2: warning: implicit declaration of function ‘cargarFunciones’ [-Wimplicit-function-declaration]
  cargarFunciones(); //es una funcion que carga los comando de manera manual en memoria volatil/electronica
  ^
../consola.c:36:3: warning: implicit declaration of function ‘buscarFunciones’ [-Wimplicit-function-declaration]
   indiceComando = buscarFunciones(funcion); //busca la funcion
   ^
../consola.c:38:3: warning: implicit declaration of function ‘aplicarFunciones’ [-Wimplicit-function-declaration]
   aplicarFunciones(indiceComando, dir); //aplica el comando encontrado
   ^
../consola.c: At top level:
../consola.c:49:6: warning: conflicting types for ‘aplicarFunciones’ [enabled by default]
 void aplicarFunciones(int a, char* d) { //selecciona un case en base al numero que llevaba el contador y aplica la funcion recibe el dir
      ^
../consola.c:38:3: note: previous implicit declaration of ‘aplicarFunciones’ was here
   aplicarFunciones(indiceComando, dir); //aplica el comando encontrado
   ^
../consola.c: In function ‘aplicarFunciones’:
../consola.c:132:3: warning: implicit declaration of function ‘mostrarFunciones’ [-Wimplicit-function-declaration]
   mostrarFunciones();
   ^
../consola.c: At top level:
../consola.c:140:6: warning: conflicting types for ‘cargarFunciones’ [enabled by default]
 void cargarFunciones(void) { //deben cargarse las funciones respetando los numeros del case
      ^
../consola.c:25:2: note: previous implicit declaration of ‘cargarFunciones’ was here
  cargarFunciones(); //es una funcion que carga los comando de manera manual en memoria volatil/electronica
  ^
../consola.c:194:6: warning: conflicting types for ‘mostrarFunciones’ [enabled by default]
 void mostrarFunciones() { //va mostrando todas las funciones cargadas
      ^
../consola.c:132:3: note: previous implicit declaration of ‘mostrarFunciones’ was here
   mostrarFunciones();
   ^
Finished building: ../consola.c
 
Building file: ../filesystem.c
Invoking: GCC C Compiler
gcc -I"/home/utnso/TPOperativos/commons-library" -O0 -g3 -Wall -c -fmessage-length=0 -MMD -MP -MF"filesystem.d" -MT"filesystem.d" -o "filesystem.o" "../filesystem.c"
Finished building: ../filesystem.c
 
Building file: ../main.c
Invoking: GCC C Compiler
gcc -I"/home/utnso/TPOperativos/commons-library" -O0 -g3 -Wall -c -fmessage-length=0 -MMD -MP -MF"main.d" -MT"main.d" -o "main.o" "../main.c"
Finished building: ../main.c
 
Building target: filesystem
Invoking: GCC C Linker
gcc -L"/home/utnso/TPOperativos/commons-library/Debug" -o "filesystem"  ./consola.o ./filesystem.o ./main.o   -lcommons-library
Finished building target: filesystem
 

17:45:23 Build Finished (took 3s.335ms)

